<?xml version="1.0"?>
<testsuites>
  <testsuite name="Chrome 28.0.1500 (Windows 8)" package="" timestamp="2013-07-29T16:38:15" id="0" hostname="OCombe-PC" tests="9" errors="0" failures="0" time="7.646">
    <properties>
      <property name="browser.fullName" value="Mozilla/5.0 (Windows NT 6.2; WOW64) AppleWebKit/537.36 (KHTML, like Gecko) Chrome/28.0.1500.72 Safari/537.36"/>
    </properties>
    <testcase name="should list 2 items" time="2.753" classname="Chrome 28.0.1500 (Windows 8).my app todo"/>
    <testcase name="should display checked items with a line-through" time="3.001" classname="Chrome 28.0.1500 (Windows 8).my app todo"/>
    <testcase name="should sync done status with checkbox state" time="0.883" classname="Chrome 28.0.1500 (Windows 8).my app todo"/>
    <testcase name="should remove checked items when the archive link is clicked" time="0.136" classname="Chrome 28.0.1500 (Windows 8).my app todo"/>
    <testcase name="should add a newly submitted item to the end of the list and empty the text input" time="0.247" classname="Chrome 28.0.1500 (Windows 8).my app todo"/>
    <testcase name="should render view1 when user navigates to /view1" time="0.194" classname="Chrome 28.0.1500 (Windows 8).my app view1"/>
    <testcase name="should render view2 when user navigates to /view2" time="0.171" classname="Chrome 28.0.1500 (Windows 8).my app view2"/>
    <testcase name="should automatically redirect to /todo when location hash/fragment is empty" time="0.119" classname="Chrome 28.0.1500 (Windows 8).my app"/>
    <testcase name="should navigate to /view1 when the View 1 link in nav is clicked" time="0.142" classname="Chrome 28.0.1500 (Windows 8).my app"/>
    <system-out><![CDATA[Chrome 28.0.1500 (Windows 8) SLOW 2.753 secs: my app todo should list 2 items
,Chrome 28.0.1500 (Windows 8) SLOW 3.001 secs: my app todo should display checked items with a line-through
,Chrome 28.0.1500 (Windows 8) SLOW 0.883 secs: my app todo should sync done status with checkbox state

]]></system-out>
    <system-err/>
  </testsuite>
</testsuites>
